<?xml version="1.0" encoding="UTF-8"?>
<!-- Generated by org.testng.reporters.JUnitXMLReporter -->
<testsuite ignored="0" hostname="DESKTOP-TM236BS" failures="2" tests="2" name="Test" time="27.417" errors="0" timestamp="2021-05-05T20:14:18 IST">
  <testcase classname="com.crm.vtiger.Tests.TC_13_creatNewLeadByGivingValidInputToNoOfEmployee" name="createLeadTest" time="7.085">
    <failure type="java.lang.NullPointerException" message="Cannot invoke &amp;quot;org.apache.poi.ss.usermodel.Sheet.getLastRowNum()&amp;quot; because &amp;quot;sheet&amp;quot; is null">
      <![CDATA[java.lang.NullPointerException: Cannot invoke "org.apache.poi.ss.usermodel.Sheet.getLastRowNum()" because "sheet" is null
at com.crm.vtiger.GenericUtils.ExcelUtility.getExcelDataInteger(ExcelUtility.java:115)
at com.crm.vtiger.Tests.TC_13_creatNewLeadByGivingValidInputToNoOfEmployee.createLeadTest(TC_13_creatNewLeadByGivingValidInputToNoOfEmployee.java:35)
at java.base/java.util.ArrayList.forEach(ArrayList.java:1511)
... Removed 27 stack frames]]>
    </failure>
  </testcase> <!-- createLeadTest -->
  <testcase classname="com.crm.vtiger.Tests.TC_13_creatNewLeadByGivingValidInputToNoOfEmployee" name="tc_13_creatNewLeadByGivingValidInputToNoOfEmployee_Test" time="5.985">
    <failure type="java.lang.NullPointerException" message="Cannot invoke &amp;quot;org.apache.poi.ss.usermodel.Sheet.getLastRowNum()&amp;quot; because &amp;quot;sheet&amp;quot; is null">
      <![CDATA[java.lang.NullPointerException: Cannot invoke "org.apache.poi.ss.usermodel.Sheet.getLastRowNum()" because "sheet" is null
at com.crm.vtiger.GenericUtils.ExcelUtility.getExcelDataInteger(ExcelUtility.java:115)
at com.crm.vtiger.Tests.TC_13_creatNewLeadByGivingValidInputToNoOfEmployee.tc_13_creatNewLeadByGivingValidInputToNoOfEmployee_Test(TC_13_creatNewLeadByGivingValidInputToNoOfEmployee.java:20)
at java.base/java.util.ArrayList.forEach(ArrayList.java:1511)
... Removed 27 stack frames]]>
    </failure>
  </testcase> <!-- tc_13_creatNewLeadByGivingValidInputToNoOfEmployee_Test -->
</testsuite> <!-- Test -->
