<?xml version="1.0" encoding="UTF-8"?>
<!-- Generated by org.testng.reporters.JUnitXMLReporter -->
<testsuite ignored="0" hostname="DESKTOP-TM236BS" failures="1" tests="1" name="Test 03" time="5.26" errors="0" timestamp="2021-05-04T19:49:18 IST">
  <testcase classname="com.crm.vtiger.Tests2.TC_13_creatNewLeadByGivingValidInputToNoOfEmployee" name="tc_13_creatNewLeadByGivingValidInputToNoOfEmployee_Test" time="5.195">
    <failure type="java.lang.NullPointerException" message="null value in entry: url=null">
      <![CDATA[java.lang.NullPointerException: null value in entry: url=null
at com.google.common.collect.CollectPreconditions.checkEntryNotNull(CollectPreconditions.java:32)
at com.google.common.collect.SingletonImmutableBiMap.<init>(SingletonImmutableBiMap.java:42)
at com.google.common.collect.ImmutableBiMap.of(ImmutableBiMap.java:72)
at com.google.common.collect.ImmutableMap.of(ImmutableMap.java:124)
at org.openqa.selenium.remote.RemoteWebDriver.get(RemoteWebDriver.java:277)
at com.crm.vtiger.Tests2.TC_13_creatNewLeadByGivingValidInputToNoOfEmployee.tc_13_creatNewLeadByGivingValidInputToNoOfEmployee_Test(TC_13_creatNewLeadByGivingValidInputToNoOfEmployee.java:27)
at java.base/java.util.ArrayList.forEach(ArrayList.java:1511)
at java.base/java.util.concurrent.FutureTask.run(FutureTask.java:264)
at java.base/java.util.concurrent.ThreadPoolExecutor.runWorker(ThreadPoolExecutor.java:1130)
at java.base/java.util.concurrent.ThreadPoolExecutor$Worker.run(ThreadPoolExecutor.java:630)
at java.base/java.lang.Thread.run(Thread.java:831)
... Removed 18 stack frames]]>
    </failure>
  </testcase> <!-- tc_13_creatNewLeadByGivingValidInputToNoOfEmployee_Test -->
</testsuite> <!-- Test 03 -->
